{
  "0 debug pnpm:scope": {
    "selected": 1
  },
  "1 error pnpm": {
    "message": {
      "errno": 1,
      "code": "ELIFECYCLE",
      "pkgid": "waygook-teacher-client@0.2.0",
      "stage": "build",
      "script": "react-scripts build",
      "pkgname": "waygook-teacher-client"
    },
    "err": {
      "name": "Error",
      "message": "waygook-teacher-client@0.2.0 build: `react-scripts build`\nExit status 1",
      "code": "ELIFECYCLE",
      "stack": "Error: waygook-teacher-client@0.2.0 build: `react-scripts build`\nExit status 1\n    at EventEmitter.proc.on (C:\\Users\\Darcy\\AppData\\Roaming\\npm\\pnpm-global\\3\\node_modules\\.pnpm\\registry.npmjs.org\\pnpm\\4.9.0\\node_modules\\pnpm\\lib\\node_modules\\@zkochan\\npm-lifecycle\\index.js:302:16)\n    at EventEmitter.emit (events.js:189:13)\n    at ChildProcess.<anonymous> (C:\\Users\\Darcy\\AppData\\Roaming\\npm\\pnpm-global\\3\\node_modules\\.pnpm\\registry.npmjs.org\\pnpm\\4.9.0\\node_modules\\pnpm\\lib\\node_modules\\@zkochan\\npm-lifecycle\\lib\\spawn.js:55:14)\n    at ChildProcess.emit (events.js:189:13)\n    at maybeClose (internal/child_process.js:970:16)\n    at Process.ChildProcess._handle.onexit (internal/child_process.js:259:5)"
    }
  }
}